# Logfile created on Mon Dec 28 17:22:55 +0000 2009 by /
  [4;36;1mSQL (0.2ms)[0m   [0;1mSET SQL_AUTO_IS_NULL=0[0m
  [4;36;1mSQL (0.1ms)[0m   [0;1mSET SQL_AUTO_IS_NULL=0[0m
  [4;35;1mSQL (0.3ms)[0m   [0mSHOW TABLES[0m
  [4;36;1mSQL (71.8ms)[0m   [0;1mCREATE TABLE `pages` (`id` int(11) DEFAULT NULL auto_increment PRIMARY KEY, `title` varchar(255), `url` varchar(255), `keywords` text, `description` text, `content` text, `created_at` datetime, `updated_at` datetime, `noindex` tinyint(1), `nofollow` tinyint(1), `canonical` varchar(255), `enable_canonical` tinyint(1), `enable_keywords` tinyint(1)) ENGINE=InnoDB[0m
  [4;35;1mSQL (0.3ms)[0m   [0mSHOW TABLES[0m
  [4;36;1mSQL (192.9ms)[0m   [0;1mCREATE TABLE `schema_migrations` (`version` varchar(255) NOT NULL) ENGINE=InnoDB[0m
  [4;35;1mSQL (110.0ms)[0m   [0mCREATE UNIQUE INDEX `unique_schema_migrations` ON `schema_migrations` (`version`)[0m
  [4;36;1mSQL (0.4ms)[0m   [0;1mSHOW TABLES[0m
  [4;35;1mSQL (0.4ms)[0m   [0mSELECT version FROM `schema_migrations`[0m
  [4;36;1mSQL (0.6ms)[0m   [0;1mINSERT INTO `schema_migrations` (version) VALUES ('0')[0m
  [4;36;1mSQL (0.1ms)[0m   [0;1mSET SQL_AUTO_IS_NULL=0[0m
  [4;35;1mSQL (0.2ms)[0m   [0mSHOW TABLES[0m
  [4;36;1mSQL (0.9ms)[0m   [0;1mDROP TABLE `pages`[0m
  [4;35;1mSQL (52.5ms)[0m   [0mCREATE TABLE `pages` (`id` int(11) DEFAULT NULL auto_increment PRIMARY KEY, `title` varchar(255), `url` varchar(255), `keywords` text, `description` text, `content` text, `created_at` datetime, `updated_at` datetime, `noindex` tinyint(1), `nofollow` tinyint(1), `canonical` varchar(255), `enable_canonical` tinyint(1), `enable_keywords` tinyint(1)) ENGINE=InnoDB[0m
  [4;36;1mSQL (0.3ms)[0m   [0;1mSHOW TABLES[0m
  [4;35;1mSQL (0.1ms)[0m   [0mSELECT version FROM `schema_migrations`[0m
  [4;36;1mSQL (0.1ms)[0m   [0;1mSET SQL_AUTO_IS_NULL=0[0m
  [4;35;1mSQL (0.2ms)[0m   [0mSHOW TABLES[0m
  [4;36;1mSQL (0.9ms)[0m   [0;1mDROP TABLE `pages`[0m
  [4;35;1mSQL (88.6ms)[0m   [0mCREATE TABLE `pages` (`id` int(11) DEFAULT NULL auto_increment PRIMARY KEY, `title` varchar(255), `url` varchar(255), `keywords` text, `description` text, `content` text, `created_at` datetime, `updated_at` datetime, `noindex` tinyint(1), `nofollow` tinyint(1), `canonical` varchar(255), `enable_canonical` tinyint(1), `enable_keywords` tinyint(1)) ENGINE=InnoDB[0m
  [4;36;1mSQL (0.3ms)[0m   [0;1mSHOW TABLES[0m
  [4;35;1mSQL (0.2ms)[0m   [0mSELECT version FROM `schema_migrations`[0m
  [4;36;1mSQL (0.2ms)[0m   [0;1mselect sqlite_version(*)[0m
  [4;35;1mSQL (0.2ms)[0m   [0m SELECT name
 FROM sqlite_master
 WHERE type = 'table' AND NOT name = 'sqlite_sequence'
[0m
  [4;36;1mSQL (1.7ms)[0m   [0;1mCREATE TABLE "pages" ("id" INTEGER PRIMARY KEY AUTOINCREMENT NOT NULL, "title" varchar(255), "url" varchar(255), "keywords" text, "description" text, "content" text, "created_at" datetime, "updated_at" datetime, "noindex" boolean, "nofollow" boolean, "canonical" varchar(255), "enable_canonical" boolean, "enable_keywords" boolean) [0m
  [4;35;1mSQL (0.2ms)[0m   [0m SELECT name
 FROM sqlite_master
 WHERE type = 'table' AND NOT name = 'sqlite_sequence'
[0m
  [4;36;1mSQL (1.5ms)[0m   [0;1mCREATE TABLE "schema_migrations" ("version" varchar(255) NOT NULL) [0m
  [4;35;1mSQL (1.7ms)[0m   [0mCREATE UNIQUE INDEX "unique_schema_migrations" ON "schema_migrations" ("version")[0m
  [4;36;1mSQL (0.2ms)[0m   [0;1m SELECT name
 FROM sqlite_master
 WHERE type = 'table' AND NOT name = 'sqlite_sequence'
[0m
  [4;35;1mSQL (0.1ms)[0m   [0mSELECT version FROM "schema_migrations"[0m
  [4;36;1mSQL (1.7ms)[0m   [0;1mINSERT INTO "schema_migrations" (version) VALUES ('0')[0m
  [4;36;1mSQL (0.2ms)[0m   [0;1mselect sqlite_version(*)[0m
  [4;35;1mSQL (0.3ms)[0m   [0m SELECT name
 FROM sqlite_master
 WHERE type = 'table' AND NOT name = 'sqlite_sequence'
[0m
  [4;36;1mSQL (1.8ms)[0m   [0;1mDROP TABLE "pages"[0m
  [4;35;1mSQL (1.5ms)[0m   [0mCREATE TABLE "pages" ("id" INTEGER PRIMARY KEY AUTOINCREMENT NOT NULL, "title" varchar(255), "url" varchar(255), "keywords" text, "description" text, "content" text, "created_at" datetime, "updated_at" datetime, "noindex" boolean, "nofollow" boolean, "canonical" varchar(255), "enable_canonical" boolean, "enable_keywords" boolean) [0m
  [4;36;1mSQL (0.2ms)[0m   [0;1m SELECT name
 FROM sqlite_master
 WHERE type = 'table' AND NOT name = 'sqlite_sequence'
[0m
  [4;35;1mSQL (0.2ms)[0m   [0mSELECT version FROM "schema_migrations"[0m
  [4;36;1mPage Load (0.2ms)[0m   [0;1mSELECT * FROM "pages" [0m
  [4;36;1mSQL (0.2ms)[0m   [0;1mselect sqlite_version(*)[0m
  [4;35;1mSQL (0.3ms)[0m   [0m SELECT name
 FROM sqlite_master
 WHERE type = 'table' AND NOT name = 'sqlite_sequence'
[0m
  [4;36;1mSQL (2.1ms)[0m   [0;1mDROP TABLE "pages"[0m
  [4;35;1mSQL (1.6ms)[0m   [0mCREATE TABLE "pages" ("id" INTEGER PRIMARY KEY AUTOINCREMENT NOT NULL, "title" varchar(255), "url" varchar(255), "keywords" text, "description" text, "content" text, "created_at" datetime, "updated_at" datetime, "noindex" boolean, "nofollow" boolean, "canonical" varchar(255), "enable_canonical" boolean, "enable_keywords" boolean) [0m
  [4;36;1mSQL (0.2ms)[0m   [0;1m SELECT name
 FROM sqlite_master
 WHERE type = 'table' AND NOT name = 'sqlite_sequence'
[0m
  [4;35;1mSQL (0.2ms)[0m   [0mSELECT version FROM "schema_migrations"[0m
  [4;36;1mPage Load (0.2ms)[0m   [0;1mSELECT * FROM "pages" [0m
  [4;36;1mSQL (0.2ms)[0m   [0;1mselect sqlite_version(*)[0m
  [4;35;1mSQL (0.4ms)[0m   [0m SELECT name
 FROM sqlite_master
 WHERE type = 'table' AND NOT name = 'sqlite_sequence'
[0m
  [4;36;1mSQL (1.5ms)[0m   [0;1mDROP TABLE "pages"[0m
  [4;35;1mSQL (1.6ms)[0m   [0mCREATE TABLE "pages" ("id" INTEGER PRIMARY KEY AUTOINCREMENT NOT NULL, "title" varchar(255), "url" varchar(255), "keywords" text, "description" text, "content" text, "created_at" datetime, "updated_at" datetime, "noindex" boolean, "nofollow" boolean, "canonical" varchar(255), "enable_canonical" boolean, "enable_keywords" boolean) [0m
  [4;36;1mSQL (0.2ms)[0m   [0;1m SELECT name
 FROM sqlite_master
 WHERE type = 'table' AND NOT name = 'sqlite_sequence'
[0m
  [4;35;1mSQL (0.2ms)[0m   [0mSELECT version FROM "schema_migrations"[0m
  [4;36;1mPage Load (0.2ms)[0m   [0;1mSELECT * FROM "pages" [0m
  [4;36;1mSQL (0.2ms)[0m   [0;1mselect sqlite_version(*)[0m
  [4;35;1mSQL (0.3ms)[0m   [0m SELECT name
 FROM sqlite_master
 WHERE type = 'table' AND NOT name = 'sqlite_sequence'
[0m
  [4;36;1mSQL (1.7ms)[0m   [0;1mDROP TABLE "pages"[0m
  [4;35;1mSQL (1.7ms)[0m   [0mCREATE TABLE "pages" ("id" INTEGER PRIMARY KEY AUTOINCREMENT NOT NULL, "title" varchar(255), "url" varchar(255), "keywords" text, "description" text, "content" text, "created_at" datetime, "updated_at" datetime, "noindex" boolean, "nofollow" boolean, "canonical" varchar(255), "enable_canonical" boolean, "enable_keywords" boolean) [0m
  [4;36;1mSQL (0.2ms)[0m   [0;1m SELECT name
 FROM sqlite_master
 WHERE type = 'table' AND NOT name = 'sqlite_sequence'
[0m
  [4;35;1mSQL (0.2ms)[0m   [0mSELECT version FROM "schema_migrations"[0m
  [4;36;1mPage Load (0.2ms)[0m   [0;1mSELECT * FROM "pages" [0m
  [4;36;1mSQL (0.2ms)[0m   [0;1mselect sqlite_version(*)[0m
  [4;35;1mSQL (0.3ms)[0m   [0m SELECT name
 FROM sqlite_master
 WHERE type = 'table' AND NOT name = 'sqlite_sequence'
[0m
  [4;36;1mSQL (2.1ms)[0m   [0;1mDROP TABLE "pages"[0m
  [4;35;1mSQL (1.2ms)[0m   [0mCREATE TABLE "pages" ("id" INTEGER PRIMARY KEY AUTOINCREMENT NOT NULL, "title" varchar(255), "url" varchar(255), "keywords" text, "description" text, "content" text, "created_at" datetime, "updated_at" datetime, "noindex" boolean, "nofollow" boolean, "canonical" varchar(255), "enable_canonical" boolean, "enable_keywords" boolean) [0m
  [4;36;1mSQL (0.2ms)[0m   [0;1m SELECT name
 FROM sqlite_master
 WHERE type = 'table' AND NOT name = 'sqlite_sequence'
[0m
  [4;35;1mSQL (0.2ms)[0m   [0mSELECT version FROM "schema_migrations"[0m
  [4;36;1mPage Load (0.2ms)[0m   [0;1mSELECT * FROM "pages" [0m
  [4;35;1mPage Create (0.3ms)[0m   [0mINSERT INTO "pages" ("canonical", "created_at", "title", "updated_at", "url", "enable_canonical", "content", "nofollow", "description", "noindex", "enable_keywords", "keywords") VALUES('', '2009-12-28 18:18:35', 'Harry and the Hendersons', '2009-12-28 18:18:35', '', 'f', '', 'f', '', 'f', NULL, NULL)[0m
  [4;36;1mSQL (0.2ms)[0m   [0;1mselect sqlite_version(*)[0m
  [4;35;1mSQL (0.4ms)[0m   [0m SELECT name
 FROM sqlite_master
 WHERE type = 'table' AND NOT name = 'sqlite_sequence'
[0m
  [4;36;1mSQL (2.0ms)[0m   [0;1mDROP TABLE "pages"[0m
  [4;35;1mSQL (1.4ms)[0m   [0mCREATE TABLE "pages" ("id" INTEGER PRIMARY KEY AUTOINCREMENT NOT NULL, "title" varchar(255), "url" varchar(255), "keywords" text, "description" text, "content" text, "created_at" datetime, "updated_at" datetime, "noindex" boolean, "nofollow" boolean, "canonical" varchar(255), "enable_canonical" boolean, "enable_keywords" boolean) [0m
  [4;36;1mSQL (0.2ms)[0m   [0;1m SELECT name
 FROM sqlite_master
 WHERE type = 'table' AND NOT name = 'sqlite_sequence'
[0m
  [4;35;1mSQL (0.2ms)[0m   [0mSELECT version FROM "schema_migrations"[0m
  [4;36;1mPage Load (0.2ms)[0m   [0;1mSELECT * FROM "pages" [0m
  [4;35;1mPage Create (0.3ms)[0m   [0mINSERT INTO "pages" ("canonical", "created_at", "title", "updated_at", "url", "enable_canonical", "content", "nofollow", "description", "noindex", "enable_keywords", "keywords") VALUES('', '2009-12-28 18:18:49', 'Harry and the Hendersons', '2009-12-28 18:18:49', '', 'f', '', 'f', '', 'f', NULL, NULL)[0m
  [4;36;1mPage Load (0.4ms)[0m   [0;1mSELECT * FROM "pages" [0m
  [4;36;1mSQL (0.2ms)[0m   [0;1mselect sqlite_version(*)[0m
  [4;35;1mSQL (0.4ms)[0m   [0m SELECT name
 FROM sqlite_master
 WHERE type = 'table' AND NOT name = 'sqlite_sequence'
[0m
  [4;36;1mSQL (1.4ms)[0m   [0;1mDROP TABLE "pages"[0m
  [4;35;1mSQL (1.5ms)[0m   [0mCREATE TABLE "pages" ("id" INTEGER PRIMARY KEY AUTOINCREMENT NOT NULL, "title" varchar(255), "url" varchar(255), "keywords" text, "description" text, "content" text, "created_at" datetime, "updated_at" datetime, "noindex" boolean, "nofollow" boolean, "canonical" varchar(255), "enable_canonical" boolean, "enable_keywords" boolean) [0m
  [4;36;1mSQL (0.2ms)[0m   [0;1m SELECT name
 FROM sqlite_master
 WHERE type = 'table' AND NOT name = 'sqlite_sequence'
[0m
  [4;35;1mSQL (0.2ms)[0m   [0mSELECT version FROM "schema_migrations"[0m
  [4;36;1mPage Load (0.2ms)[0m   [0;1mSELECT * FROM "pages" [0m
  [4;35;1mPage Create (0.3ms)[0m   [0mINSERT INTO "pages" ("canonical", "created_at", "title", "updated_at", "url", "enable_canonical", "content", "nofollow", "description", "noindex", "enable_keywords", "keywords") VALUES('', '2009-12-28 18:19:03', 'Harry and the Hendersons', '2009-12-28 18:19:03', '', 'f', '', 'f', '', 'f', NULL, NULL)[0m
  [4;36;1mPage Load (0.5ms)[0m   [0;1mSELECT * FROM "pages" [0m
  [4;36;1mSQL (0.2ms)[0m   [0;1mselect sqlite_version(*)[0m
  [4;35;1mSQL (0.2ms)[0m   [0m SELECT name
 FROM sqlite_master
 WHERE type = 'table' AND NOT name = 'sqlite_sequence'
[0m
  [4;36;1mSQL (2.3ms)[0m   [0;1mCREATE TABLE "pages" ("id" INTEGER PRIMARY KEY AUTOINCREMENT NOT NULL, "title" varchar(255), "url" varchar(255), "keywords" text, "description" text, "content" text, "created_at" datetime, "updated_at" datetime, "noindex" boolean, "nofollow" boolean, "canonical" varchar(255), "enable_canonical" boolean, "enable_keywords" boolean) [0m
  [4;35;1mSQL (0.2ms)[0m   [0m SELECT name
 FROM sqlite_master
 WHERE type = 'table' AND NOT name = 'sqlite_sequence'
[0m
  [4;36;1mSQL (1.1ms)[0m   [0;1mCREATE TABLE "schema_migrations" ("version" varchar(255) NOT NULL) [0m
  [4;35;1mSQL (1.8ms)[0m   [0mCREATE UNIQUE INDEX "unique_schema_migrations" ON "schema_migrations" ("version")[0m
  [4;36;1mSQL (0.2ms)[0m   [0;1m SELECT name
 FROM sqlite_master
 WHERE type = 'table' AND NOT name = 'sqlite_sequence'
[0m
  [4;35;1mSQL (0.2ms)[0m   [0mSELECT version FROM "schema_migrations"[0m
  [4;36;1mSQL (1.1ms)[0m   [0;1mINSERT INTO "schema_migrations" (version) VALUES ('0')[0m
  [4;36;1mSQL (0.2ms)[0m   [0;1mselect sqlite_version(*)[0m
  [4;35;1mSQL (0.4ms)[0m   [0m SELECT name
 FROM sqlite_master
 WHERE type = 'table' AND NOT name = 'sqlite_sequence'
[0m
  [4;36;1mSQL (2.6ms)[0m   [0;1mDROP TABLE "pages"[0m
  [4;35;1mSQL (2.0ms)[0m   [0mCREATE TABLE "pages" ("id" INTEGER PRIMARY KEY AUTOINCREMENT NOT NULL, "title" varchar(255), "url" varchar(255), "keywords" text, "description" text, "content" text, "created_at" datetime, "updated_at" datetime, "noindex" boolean, "nofollow" boolean, "canonical" varchar(255), "enable_canonical" boolean, "enable_keywords" boolean) [0m
  [4;36;1mSQL (0.4ms)[0m   [0;1m SELECT name
 FROM sqlite_master
 WHERE type = 'table' AND NOT name = 'sqlite_sequence'
[0m
  [4;35;1mSQL (0.2ms)[0m   [0mSELECT version FROM "schema_migrations"[0m
  [4;36;1mSQL (0.2ms)[0m   [0;1mselect sqlite_version(*)[0m
  [4;35;1mSQL (0.5ms)[0m   [0m SELECT name
 FROM sqlite_master
 WHERE type = 'table' AND NOT name = 'sqlite_sequence'
[0m
  [4;36;1mSQL (3.7ms)[0m   [0;1mDROP TABLE "pages"[0m
  [4;35;1mSQL (1.4ms)[0m   [0mCREATE TABLE "pages" ("id" INTEGER PRIMARY KEY AUTOINCREMENT NOT NULL, "title" varchar(255), "url" varchar(255), "keywords" text, "description" text, "content" text, "created_at" datetime, "updated_at" datetime, "noindex" boolean, "nofollow" boolean, "canonical" varchar(255), "enable_canonical" boolean, "enable_keywords" boolean) [0m
  [4;36;1mSQL (0.3ms)[0m   [0;1m SELECT name
 FROM sqlite_master
 WHERE type = 'table' AND NOT name = 'sqlite_sequence'
[0m
  [4;35;1mSQL (0.5ms)[0m   [0mSELECT version FROM "schema_migrations"[0m
  [4;36;1mSQL (0.2ms)[0m   [0;1mselect sqlite_version(*)[0m
  [4;35;1mSQL (0.3ms)[0m   [0m SELECT name
 FROM sqlite_master
 WHERE type = 'table' AND NOT name = 'sqlite_sequence'
[0m
  [4;36;1mSQL (2.7ms)[0m   [0;1mDROP TABLE "pages"[0m
  [4;35;1mSQL (1.6ms)[0m   [0mCREATE TABLE "pages" ("id" INTEGER PRIMARY KEY AUTOINCREMENT NOT NULL, "title" varchar(255), "url" varchar(255), "keywords" text, "description" text, "content" text, "created_at" datetime, "updated_at" datetime, "noindex" boolean, "nofollow" boolean, "canonical" varchar(255), "enable_canonical" boolean, "enable_keywords" boolean) [0m
  [4;36;1mSQL (0.3ms)[0m   [0;1m SELECT name
 FROM sqlite_master
 WHERE type = 'table' AND NOT name = 'sqlite_sequence'
[0m
  [4;35;1mSQL (0.1ms)[0m   [0mSELECT version FROM "schema_migrations"[0m
  [4;36;1mSQL (0.2ms)[0m   [0;1mselect sqlite_version(*)[0m
  [4;35;1mSQL (0.3ms)[0m   [0m SELECT name
 FROM sqlite_master
 WHERE type = 'table' AND NOT name = 'sqlite_sequence'
[0m
  [4;36;1mSQL (2.4ms)[0m   [0;1mDROP TABLE "pages"[0m
  [4;35;1mSQL (1.5ms)[0m   [0mCREATE TABLE "pages" ("id" INTEGER PRIMARY KEY AUTOINCREMENT NOT NULL, "title" varchar(255), "url" varchar(255), "keywords" text, "description" text, "content" text, "created_at" datetime, "updated_at" datetime, "noindex" boolean, "nofollow" boolean, "canonical" varchar(255), "enable_canonical" boolean, "enable_keywords" boolean) [0m
  [4;36;1mSQL (0.3ms)[0m   [0;1m SELECT name
 FROM sqlite_master
 WHERE type = 'table' AND NOT name = 'sqlite_sequence'
[0m
  [4;35;1mSQL (0.1ms)[0m   [0mSELECT version FROM "schema_migrations"[0m
  [4;36;1mPage Load (0.2ms)[0m   [0;1mSELECT * FROM "pages" [0m
  [4;35;1mPage Create (0.4ms)[0m   [0mINSERT INTO "pages" ("canonical", "created_at", "title", "updated_at", "url", "enable_canonical", "content", "nofollow", "description", "noindex", "enable_keywords", "keywords") VALUES('', '2009-12-29 20:04:23', 'Harry and the Hendersons', '2009-12-29 20:04:23', '', 'f', '', 'f', '', 'f', NULL, NULL)[0m
  [4;36;1mPage Load (0.3ms)[0m   [0;1mSELECT * FROM "pages" [0m
